<?xml version="1.0" encoding="UTF-8"?>
<testsuite name="com.example.docker.DockerApplicationTests" tests="1" skipped="0" failures="0" errors="0" timestamp="2023-10-25T10:01:28" hostname="datasirpi-Latitude-5490" time="1.946">
  <properties/>
  <testcase name="contextLoads()" classname="com.example.docker.DockerApplicationTests" time="1.946"/>
  <system-out><![CDATA[15:31:24.439 [Test worker] INFO org.springframework.test.context.support.AnnotationConfigContextLoaderUtils -- Could not detect default configuration classes for test class [com.example.docker.DockerApplicationTests]: DockerApplicationTests does not declare any static, non-private, non-final, nested classes annotated with @Configuration.
15:31:24.764 [Test worker] INFO org.springframework.boot.test.context.SpringBootTestContextBootstrapper -- Found @SpringBootConfiguration com.example.docker.DockerApplication for test class com.example.docker.DockerApplicationTests

  .   ____          _            __ _ _
 /\\ / ___'_ __ _ _(_)_ __  __ _ \ \ \ \
( ( )\___ | '_ | '_| | '_ \/ _` | \ \ \ \
 \\/  ___)| |_)| | | | | || (_| |  ) ) ) )
  '  |____| .__|_| |_|_| |_\__, | / / / /
 =========|_|==============|___/=/_/_/_/
 :: Spring Boot ::                (v3.1.5)

2023-10-25T15:31:25.749+05:30  INFO 138487 --- [    Test worker] c.example.docker.DockerApplicationTests  : Starting DockerApplicationTests using Java 19.0.2 with PID 138487 (started by dsadmin in /home/dsadmin/Downloads/docker)
2023-10-25T15:31:25.754+05:30  INFO 138487 --- [    Test worker] c.example.docker.DockerApplicationTests  : No active profile set, falling back to 1 default profile: "default"
2023-10-25T15:31:28.839+05:30  INFO 138487 --- [    Test worker] c.example.docker.DockerApplicationTests  : Started DockerApplicationTests in 3.71 seconds (process running for 6.952)
]]></system-out>
  <system-err><![CDATA[]]></system-err>
</testsuite>
